  [1m[35m (0.0ms)[0m  [1m[34mSELECT sqlite_version(*)[0m
  [1m[35m (12.0ms)[0m  [1m[35mCREATE TABLE "schema_migrations" ("version" varchar NOT NULL PRIMARY KEY)[0m
  [1m[35m (11.0ms)[0m  [1m[35mCREATE TABLE "ar_internal_metadata" ("key" varchar NOT NULL PRIMARY KEY, "value" varchar, "created_at" datetime NOT NULL, "updated_at" datetime NOT NULL)[0m
  [1m[35m (0.0ms)[0m  [1m[34mSELECT "schema_migrations"."version" FROM "schema_migrations" ORDER BY "schema_migrations"."version" ASC[0m
Migrating to CreatePedido (20181031200424)
  [1m[35m (0.0ms)[0m  [1m[36mbegin transaction[0m
  [1m[35m (2.0ms)[0m  [1m[35mCREATE TABLE "pedidos" ("id" INTEGER PRIMARY KEY AUTOINCREMENT NOT NULL, "descricao" varchar, "valor" float, "tipo" boolean)[0m
  [1m[35mSQL (0.0ms)[0m  [1m[32mINSERT INTO "schema_migrations" ("version") VALUES (?)[0m  [["version", "20181031200424"]]
  [1m[35m (9.0ms)[0m  [1m[36mcommit transaction[0m
Migrating to AddDataToPedidos (20181101170455)
  [1m[35m (0.0ms)[0m  [1m[36mbegin transaction[0m
  [1m[35m (2.0ms)[0m  [1m[35mALTER TABLE "pedidos" ADD "data" date[0m
  [1m[35m (2.0ms)[0m  [1m[35mCREATE TEMPORARY TABLE "apedidos" ("id" integer NOT NULL PRIMARY KEY, "descricao" varchar DEFAULT NULL, "valor" float DEFAULT NULL, "entregue" boolean DEFAULT NULL, "data" date DEFAULT NULL)[0m
  [1m[35m (0.0ms)[0m  [1m[32mINSERT INTO "apedidos" ("id","descricao","valor","entregue","data")
                     SELECT "id","descricao","valor","tipo","data" FROM "pedidos"[0m
  [1m[35m (1.0ms)[0m  [1m[35mDROP TABLE "pedidos"[0m
  [1m[35m (0.0ms)[0m  [1m[35mCREATE TABLE "pedidos" ("id" integer NOT NULL PRIMARY KEY, "descricao" varchar DEFAULT NULL, "valor" float DEFAULT NULL, "entregue" boolean DEFAULT NULL, "data" date DEFAULT NULL)[0m
  [1m[35m (0.0ms)[0m  [1m[32mINSERT INTO "pedidos" ("id","descricao","valor","entregue","data")
                     SELECT "id","descricao","valor","entregue","data" FROM "apedidos"[0m
  [1m[35m (1.0ms)[0m  [1m[35mDROP TABLE "apedidos"[0m
  [1m[35mSQL (0.0ms)[0m  [1m[32mINSERT INTO "schema_migrations" ("version") VALUES (?)[0m  [["version", "20181101170455"]]
  [1m[35m (12.0ms)[0m  [1m[36mcommit transaction[0m
Migrating to CreateAlunos (20181107210233)
  [1m[35m (0.0ms)[0m  [1m[36mbegin transaction[0m
  [1m[35m (2.0ms)[0m  [1m[35mCREATE TABLE "alunos" ("id" INTEGER PRIMARY KEY AUTOINCREMENT NOT NULL, "nome" varchar, "nota" decimal)[0m
  [1m[35mSQL (0.0ms)[0m  [1m[32mINSERT INTO "schema_migrations" ("version") VALUES (?)[0m  [["version", "20181107210233"]]
  [1m[35m (10.0ms)[0m  [1m[36mcommit transaction[0m
  [1m[36mActiveRecord::InternalMetadata Load (1.0ms)[0m  [1m[34mSELECT  "ar_internal_metadata".* FROM "ar_internal_metadata" WHERE "ar_internal_metadata"."key" = ? LIMIT ?[0m  [["key", "environment"], ["LIMIT", 1]]
  [1m[35m (0.0ms)[0m  [1m[36mbegin transaction[0m
  [1m[35mSQL (2.0ms)[0m  [1m[32mINSERT INTO "ar_internal_metadata" ("key", "value", "created_at", "updated_at") VALUES (?, ?, ?, ?)[0m  [["key", "environment"], ["value", "development"], ["created_at", "2019-03-23 22:10:46.371831"], ["updated_at", "2019-03-23 22:10:46.371831"]]
  [1m[35m (12.0ms)[0m  [1m[36mcommit transaction[0m
  [1m[35m (1.0ms)[0m  [1m[34mSELECT "schema_migrations"."version" FROM "schema_migrations" ORDER BY "schema_migrations"."version" ASC[0m
  [1m[35m (0.0ms)[0m  [1m[34mSELECT "schema_migrations"."version" FROM "schema_migrations" ORDER BY "schema_migrations"."version" ASC[0m
  [1m[35m (0.0ms)[0m  [1m[34mSELECT sqlite_version(*)[0m
  [1m[35m (14.0ms)[0m  [1m[35mCREATE TABLE "schema_migrations" ("version" varchar NOT NULL PRIMARY KEY)[0m
  [1m[35m (11.0ms)[0m  [1m[35mCREATE TABLE "ar_internal_metadata" ("key" varchar NOT NULL PRIMARY KEY, "value" varchar, "created_at" datetime NOT NULL, "updated_at" datetime NOT NULL)[0m
  [1m[35m (0.0ms)[0m  [1m[34mSELECT "schema_migrations"."version" FROM "schema_migrations" ORDER BY "schema_migrations"."version" ASC[0m
Migrating to CreatePersonagens (20190323182036)
  [1m[35m (1.0ms)[0m  [1m[36mbegin transaction[0m
  [1m[35m (2.0ms)[0m  [1m[35mCREATE TABLE "personagens" ("id" INTEGER PRIMARY KEY AUTOINCREMENT NOT NULL, "nome" varchar, "forca" integer, "resistencia" integer, "agilidade" integer, "destreza" integer)[0m
  [1m[35mSQL (0.0ms)[0m  [1m[32mINSERT INTO "schema_migrations" ("version") VALUES (?)[0m  [["version", "20190323182036"]]
  [1m[35m (10.0ms)[0m  [1m[36mcommit transaction[0m
Migrating to CreatePoderes (20190323182322)
  [1m[35m (0.0ms)[0m  [1m[36mbegin transaction[0m
  [1m[35m (2.0ms)[0m  [1m[35mCREATE TABLE "poderes" ("id" INTEGER PRIMARY KEY AUTOINCREMENT NOT NULL, "personagem_id" integer, "nome" varchar, "tipo" varchar)[0m
  [1m[35m (0.0ms)[0m  [1m[35mCREATE  INDEX "index_poderes_on_personagem_id" ON "poderes" ("personagem_id")[0m
  [1m[35mSQL (0.0ms)[0m  [1m[32mINSERT INTO "schema_migrations" ("version") VALUES (?)[0m  [["version", "20190323182322"]]
  [1m[35m (10.0ms)[0m  [1m[36mcommit transaction[0m
  [1m[36mActiveRecord::InternalMetadata Load (0.0ms)[0m  [1m[34mSELECT  "ar_internal_metadata".* FROM "ar_internal_metadata" WHERE "ar_internal_metadata"."key" = ? LIMIT ?[0m  [["key", "environment"], ["LIMIT", 1]]
  [1m[35m (0.0ms)[0m  [1m[36mbegin transaction[0m
  [1m[35mSQL (2.0ms)[0m  [1m[32mINSERT INTO "ar_internal_metadata" ("key", "value", "created_at", "updated_at") VALUES (?, ?, ?, ?)[0m  [["key", "environment"], ["value", "development"], ["created_at", "2019-03-23 22:13:55.532308"], ["updated_at", "2019-03-23 22:13:55.532308"]]
  [1m[35m (10.0ms)[0m  [1m[36mcommit transaction[0m
  [1m[35m (1.0ms)[0m  [1m[34mSELECT "schema_migrations"."version" FROM "schema_migrations" ORDER BY "schema_migrations"."version" ASC[0m
  [1m[35m (1.0ms)[0m  [1m[34m            SELECT sql
            FROM sqlite_master
            WHERE name='index_poderes_on_personagem_id' AND type='index'
            UNION ALL
            SELECT sql
            FROM sqlite_temp_master
            WHERE name='index_poderes_on_personagem_id' AND type='index'
[0m
  [1m[35m (1.0ms)[0m  [1m[34mSELECT "schema_migrations"."version" FROM "schema_migrations" ORDER BY "schema_migrations"."version" ASC[0m
  [1m[35m (0.0ms)[0m  [1m[36mbegin transaction[0m
  [1m[35mSQL (1.0ms)[0m  [1m[32mINSERT INTO "personagens" ("nome", "forca", "resistencia", "agilidade", "destreza") VALUES (?, ?, ?, ?, ?)[0m  [["nome", "Élisson"], ["forca", 10], ["resistencia", 1], ["agilidade", 7], ["destreza", 9]]
  [1m[35m (10.0ms)[0m  [1m[36mcommit transaction[0m
  [1m[35m (0.0ms)[0m  [1m[36mbegin transaction[0m
  [1m[35mSQL (1.0ms)[0m  [1m[32mINSERT INTO "poderes" ("personagem_id", "nome", "tipo") VALUES (?, ?, ?)[0m  [["personagem_id", 1], ["nome", "Hipnose"], ["tipo", "Mental"]]
  [1m[35m (10.0ms)[0m  [1m[36mcommit transaction[0m
  [1m[35m (0.0ms)[0m  [1m[36mbegin transaction[0m
  [1m[35mSQL (2.0ms)[0m  [1m[32mINSERT INTO "poderes" ("personagem_id", "nome", "tipo") VALUES (?, ?, ?)[0m  [["personagem_id", 1], ["nome", "Campo de Força"], ["tipo", "Mental"]]
  [1m[35m (10.0ms)[0m  [1m[36mcommit transaction[0m
  [1m[35m (0.0ms)[0m  [1m[36mbegin transaction[0m
  [1m[35mSQL (2.0ms)[0m  [1m[32mINSERT INTO "poderes" ("personagem_id", "nome", "tipo") VALUES (?, ?, ?)[0m  [["personagem_id", 1], ["nome", "Telepatia"], ["tipo", "Mental"]]
  [1m[35m (11.0ms)[0m  [1m[36mcommit transaction[0m
  [1m[35m (0.0ms)[0m  [1m[36mbegin transaction[0m
  [1m[35mSQL (2.0ms)[0m  [1m[32mINSERT INTO "personagens" ("nome", "forca", "resistencia", "agilidade", "destreza") VALUES (?, ?, ?, ?, ?)[0m  [["nome", "Valcir"], ["forca", 7], ["resistencia", 7], ["agilidade", 7], ["destreza", 2]]
  [1m[35m (11.0ms)[0m  [1m[36mcommit transaction[0m
  [1m[35m (0.0ms)[0m  [1m[36mbegin transaction[0m
  [1m[35mSQL (3.0ms)[0m  [1m[32mINSERT INTO "poderes" ("personagem_id", "nome", "tipo") VALUES (?, ?, ?)[0m  [["personagem_id", 2], ["nome", "Telepatia"], ["tipo", "Mental"]]
  [1m[35m (13.0ms)[0m  [1m[36mcommit transaction[0m
  [1m[35m (0.0ms)[0m  [1m[36mbegin transaction[0m
  [1m[35mSQL (2.0ms)[0m  [1m[32mINSERT INTO "poderes" ("personagem_id", "nome", "tipo") VALUES (?, ?, ?)[0m  [["personagem_id", 2], ["nome", "Controle Mental"], ["tipo", "Mental"]]
  [1m[35m (11.0ms)[0m  [1m[36mcommit transaction[0m
  [1m[35m (1.0ms)[0m  [1m[36mbegin transaction[0m
  [1m[35mSQL (2.0ms)[0m  [1m[32mINSERT INTO "poderes" ("personagem_id", "nome", "tipo") VALUES (?, ?, ?)[0m  [["personagem_id", 2], ["nome", "Telecinese"], ["tipo", "Mental"]]
  [1m[35m (11.0ms)[0m  [1m[36mcommit transaction[0m
  [1m[35m (0.0ms)[0m  [1m[36mbegin transaction[0m
  [1m[35mSQL (2.0ms)[0m  [1m[32mINSERT INTO "personagens" ("nome", "forca", "resistencia", "agilidade", "destreza") VALUES (?, ?, ?, ?, ?)[0m  [["nome", "Fernanda"], ["forca", 6], ["resistencia", 7], ["agilidade", 10], ["destreza", 6]]
  [1m[35m (11.0ms)[0m  [1m[36mcommit transaction[0m
  [1m[35m (0.0ms)[0m  [1m[36mbegin transaction[0m
  [1m[35mSQL (2.0ms)[0m  [1m[32mINSERT INTO "poderes" ("personagem_id", "nome", "tipo") VALUES (?, ?, ?)[0m  [["personagem_id", 3], ["nome", "Pirocinese"], ["tipo", "Elemental"]]
  [1m[35m (10.1ms)[0m  [1m[36mcommit transaction[0m
  [1m[35m (0.0ms)[0m  [1m[36mbegin transaction[0m
  [1m[35mSQL (1.9ms)[0m  [1m[32mINSERT INTO "poderes" ("personagem_id", "nome", "tipo") VALUES (?, ?, ?)[0m  [["personagem_id", 3], ["nome", "Telecinese"], ["tipo", "Mental"]]
  [1m[35m (10.0ms)[0m  [1m[36mcommit transaction[0m
  [1m[35m (0.0ms)[0m  [1m[36mbegin transaction[0m
  [1m[35mSQL (2.0ms)[0m  [1m[32mINSERT INTO "poderes" ("personagem_id", "nome", "tipo") VALUES (?, ?, ?)[0m  [["personagem_id", 3], ["nome", "Ilusionismo"], ["tipo", "Mental"]]
  [1m[35m (9.1ms)[0m  [1m[36mcommit transaction[0m
  [1m[35m (0.0ms)[0m  [1m[36mbegin transaction[0m
  [1m[35mSQL (1.0ms)[0m  [1m[32mINSERT INTO "personagens" ("nome", "forca", "resistencia", "agilidade", "destreza") VALUES (?, ?, ?, ?, ?)[0m  [["nome", "Marlonn"], ["forca", 5], ["resistencia", 8], ["agilidade", 4], ["destreza", 2]]
  [1m[35m (10.0ms)[0m  [1m[36mcommit transaction[0m
  [1m[35m (0.0ms)[0m  [1m[36mbegin transaction[0m
  [1m[35mSQL (1.9ms)[0m  [1m[32mINSERT INTO "poderes" ("personagem_id", "nome", "tipo") VALUES (?, ?, ?)[0m  [["personagem_id", 4], ["nome", "Campo de Força"], ["tipo", "Mental"]]
  [1m[35m (11.0ms)[0m  [1m[36mcommit transaction[0m
  [1m[35m (0.0ms)[0m  [1m[36mbegin transaction[0m
  [1m[35mSQL (2.0ms)[0m  [1m[32mINSERT INTO "poderes" ("personagem_id", "nome", "tipo") VALUES (?, ?, ?)[0m  [["personagem_id", 4], ["nome", "Super-Força"], ["tipo", "Físico"]]
  [1m[35m (10.0ms)[0m  [1m[36mcommit transaction[0m
  [1m[35m (0.0ms)[0m  [1m[36mbegin transaction[0m
  [1m[35mSQL (1.0ms)[0m  [1m[32mINSERT INTO "poderes" ("personagem_id", "nome", "tipo") VALUES (?, ?, ?)[0m  [["personagem_id", 4], ["nome", "Telepatia"], ["tipo", "Mental"]]
  [1m[35m (12.0ms)[0m  [1m[36mcommit transaction[0m
  [1m[35m (0.0ms)[0m  [1m[36mbegin transaction[0m
  [1m[35mSQL (1.9ms)[0m  [1m[32mINSERT INTO "personagens" ("nome", "forca", "resistencia", "agilidade", "destreza") VALUES (?, ?, ?, ?, ?)[0m  [["nome", "Vagner"], ["forca", 4], ["resistencia", 9], ["agilidade", 1], ["destreza", 9]]
  [1m[35m (11.0ms)[0m  [1m[36mcommit transaction[0m
  [1m[35m (0.0ms)[0m  [1m[36mbegin transaction[0m
  [1m[35mSQL (2.0ms)[0m  [1m[32mINSERT INTO "poderes" ("personagem_id", "nome", "tipo") VALUES (?, ?, ?)[0m  [["personagem_id", 5], ["nome", "Criocinese"], ["tipo", "Elemental"]]
  [1m[35m (10.0ms)[0m  [1m[36mcommit transaction[0m
  [1m[35m (0.0ms)[0m  [1m[36mbegin transaction[0m
  [1m[35mSQL (1.9ms)[0m  [1m[32mINSERT INTO "poderes" ("personagem_id", "nome", "tipo") VALUES (?, ?, ?)[0m  [["personagem_id", 5], ["nome", "Super-Velocidade"], ["tipo", "Físico"]]
  [1m[35m (10.0ms)[0m  [1m[36mcommit transaction[0m
  [1m[35m (0.0ms)[0m  [1m[36mbegin transaction[0m
  [1m[35mSQL (0.9ms)[0m  [1m[32mINSERT INTO "poderes" ("personagem_id", "nome", "tipo") VALUES (?, ?, ?)[0m  [["personagem_id", 5], ["nome", "Super-Velocidade"], ["tipo", "Físico"]]
  [1m[35m (11.0ms)[0m  [1m[36mcommit transaction[0m
  [1m[35m (0.0ms)[0m  [1m[36mbegin transaction[0m
  [1m[35mSQL (2.0ms)[0m  [1m[32mINSERT INTO "personagens" ("nome", "forca", "resistencia", "agilidade", "destreza") VALUES (?, ?, ?, ?, ?)[0m  [["nome", "Gabriel"], ["forca", 3], ["resistencia", 5], ["agilidade", 4], ["destreza", 1]]
  [1m[35m (10.0ms)[0m  [1m[36mcommit transaction[0m
  [1m[35m (0.0ms)[0m  [1m[36mbegin transaction[0m
  [1m[35mSQL (2.0ms)[0m  [1m[32mINSERT INTO "poderes" ("personagem_id", "nome", "tipo") VALUES (?, ?, ?)[0m  [["personagem_id", 6], ["nome", "Campo de Força"], ["tipo", "Mental"]]
  [1m[35m (11.0ms)[0m  [1m[36mcommit transaction[0m
  [1m[35m (0.0ms)[0m  [1m[36mbegin transaction[0m
  [1m[35mSQL (2.0ms)[0m  [1m[32mINSERT INTO "poderes" ("personagem_id", "nome", "tipo") VALUES (?, ?, ?)[0m  [["personagem_id", 6], ["nome", "Hidrocinese"], ["tipo", "Elemental"]]
  [1m[35m (10.0ms)[0m  [1m[36mcommit transaction[0m
  [1m[35m (0.0ms)[0m  [1m[36mbegin transaction[0m
  [1m[35mSQL (2.0ms)[0m  [1m[32mINSERT INTO "poderes" ("personagem_id", "nome", "tipo") VALUES (?, ?, ?)[0m  [["personagem_id", 6], ["nome", "Aerocinese"], ["tipo", "Elemental"]]
  [1m[35m (10.0ms)[0m  [1m[36mcommit transaction[0m
  [1m[35m (0.0ms)[0m  [1m[36mbegin transaction[0m
  [1m[35mSQL (2.0ms)[0m  [1m[32mINSERT INTO "personagens" ("nome", "forca", "resistencia", "agilidade", "destreza") VALUES (?, ?, ?, ?, ?)[0m  [["nome", "Arthur"], ["forca", 8], ["resistencia", 5], ["agilidade", 4], ["destreza", 9]]
  [1m[35m (10.0ms)[0m  [1m[36mcommit transaction[0m
  [1m[35m (0.0ms)[0m  [1m[36mbegin transaction[0m
  [1m[35mSQL (2.0ms)[0m  [1m[32mINSERT INTO "poderes" ("personagem_id", "nome", "tipo") VALUES (?, ?, ?)[0m  [["personagem_id", 7], ["nome", "Teletransporte"], ["tipo", "Físico"]]
  [1m[35m (10.0ms)[0m  [1m[36mcommit transaction[0m
  [1m[35m (0.0ms)[0m  [1m[36mbegin transaction[0m
  [1m[35mSQL (2.0ms)[0m  [1m[32mINSERT INTO "poderes" ("personagem_id", "nome", "tipo") VALUES (?, ?, ?)[0m  [["personagem_id", 7], ["nome", "Pirocinese"], ["tipo", "Elemental"]]
  [1m[35m (11.0ms)[0m  [1m[36mcommit transaction[0m
  [1m[35m (0.0ms)[0m  [1m[36mbegin transaction[0m
  [1m[35mSQL (2.0ms)[0m  [1m[32mINSERT INTO "poderes" ("personagem_id", "nome", "tipo") VALUES (?, ?, ?)[0m  [["personagem_id", 7], ["nome", "Telepatia"], ["tipo", "Mental"]]
  [1m[35m (10.0ms)[0m  [1m[36mcommit transaction[0m
  [1m[35m (1.0ms)[0m  [1m[36mbegin transaction[0m
  [1m[35mSQL (2.0ms)[0m  [1m[32mINSERT INTO "personagens" ("nome", "forca", "resistencia", "agilidade", "destreza") VALUES (?, ?, ?, ?, ?)[0m  [["nome", "Ediandro"], ["forca", 4], ["resistencia", 3], ["agilidade", 8], ["destreza", 1]]
  [1m[35m (10.0ms)[0m  [1m[36mcommit transaction[0m
  [1m[35m (0.0ms)[0m  [1m[36mbegin transaction[0m
  [1m[35mSQL (2.0ms)[0m  [1m[32mINSERT INTO "poderes" ("personagem_id", "nome", "tipo") VALUES (?, ?, ?)[0m  [["personagem_id", 8], ["nome", "Teletransporte"], ["tipo", "Físico"]]
  [1m[35m (10.0ms)[0m  [1m[36mcommit transaction[0m
  [1m[35m (0.0ms)[0m  [1m[36mbegin transaction[0m
  [1m[35mSQL (2.0ms)[0m  [1m[32mINSERT INTO "poderes" ("personagem_id", "nome", "tipo") VALUES (?, ?, ?)[0m  [["personagem_id", 8], ["nome", "Hidrocinese"], ["tipo", "Elemental"]]
  [1m[35m (9.0ms)[0m  [1m[36mcommit transaction[0m
  [1m[35m (0.0ms)[0m  [1m[36mbegin transaction[0m
  [1m[35mSQL (2.0ms)[0m  [1m[32mINSERT INTO "poderes" ("personagem_id", "nome", "tipo") VALUES (?, ?, ?)[0m  [["personagem_id", 8], ["nome", "Geocinese"], ["tipo", "Elemental"]]
  [1m[35m (10.0ms)[0m  [1m[36mcommit transaction[0m
  [1m[35m (0.0ms)[0m  [1m[36mbegin transaction[0m
  [1m[35mSQL (1.0ms)[0m  [1m[32mINSERT INTO "personagens" ("nome", "forca", "resistencia", "agilidade", "destreza") VALUES (?, ?, ?, ?, ?)[0m  [["nome", "Cesar"], ["forca", 5], ["resistencia", 7], ["agilidade", 9], ["destreza", 2]]
  [1m[35m (9.0ms)[0m  [1m[36mcommit transaction[0m
  [1m[35m (0.0ms)[0m  [1m[36mbegin transaction[0m
  [1m[35mSQL (2.0ms)[0m  [1m[32mINSERT INTO "poderes" ("personagem_id", "nome", "tipo") VALUES (?, ?, ?)[0m  [["personagem_id", 9], ["nome", "Ilusionismo"], ["tipo", "Mental"]]
  [1m[35m (9.0ms)[0m  [1m[36mcommit transaction[0m
  [1m[35m (0.0ms)[0m  [1m[36mbegin transaction[0m
  [1m[35mSQL (1.0ms)[0m  [1m[32mINSERT INTO "poderes" ("personagem_id", "nome", "tipo") VALUES (?, ?, ?)[0m  [["personagem_id", 9], ["nome", "Aerocinese"], ["tipo", "Elemental"]]
  [1m[35m (10.0ms)[0m  [1m[36mcommit transaction[0m
  [1m[35m (0.0ms)[0m  [1m[36mbegin transaction[0m
  [1m[35mSQL (1.0ms)[0m  [1m[32mINSERT INTO "poderes" ("personagem_id", "nome", "tipo") VALUES (?, ?, ?)[0m  [["personagem_id", 9], ["nome", "Teletransporte"], ["tipo", "Físico"]]
  [1m[35m (10.0ms)[0m  [1m[36mcommit transaction[0m
  [1m[35m (1.0ms)[0m  [1m[36mbegin transaction[0m
  [1m[35mSQL (1.0ms)[0m  [1m[32mINSERT INTO "personagens" ("nome", "forca", "resistencia", "agilidade", "destreza") VALUES (?, ?, ?, ?, ?)[0m  [["nome", "Bernardo"], ["forca", 9], ["resistencia", 9], ["agilidade", 1], ["destreza", 4]]
  [1m[35m (9.0ms)[0m  [1m[36mcommit transaction[0m
  [1m[35m (0.0ms)[0m  [1m[36mbegin transaction[0m
  [1m[35mSQL (1.0ms)[0m  [1m[32mINSERT INTO "poderes" ("personagem_id", "nome", "tipo") VALUES (?, ?, ?)[0m  [["personagem_id", 10], ["nome", "Hipnose"], ["tipo", "Mental"]]
  [1m[35m (10.0ms)[0m  [1m[36mcommit transaction[0m
  [1m[35m (0.0ms)[0m  [1m[36mbegin transaction[0m
  [1m[35mSQL (2.0ms)[0m  [1m[32mINSERT INTO "poderes" ("personagem_id", "nome", "tipo") VALUES (?, ?, ?)[0m  [["personagem_id", 10], ["nome", "Teletransporte"], ["tipo", "Físico"]]
  [1m[35m (9.0ms)[0m  [1m[36mcommit transaction[0m
  [1m[35m (0.0ms)[0m  [1m[36mbegin transaction[0m
  [1m[35mSQL (1.0ms)[0m  [1m[32mINSERT INTO "poderes" ("personagem_id", "nome", "tipo") VALUES (?, ?, ?)[0m  [["personagem_id", 10], ["nome", "Aerocinese"], ["tipo", "Elemental"]]
  [1m[35m (9.0ms)[0m  [1m[36mcommit transaction[0m
Started GET "/" for 127.0.0.1 at 2019-03-23 18:38:15 -0300
  [1m[35m (0.2ms)[0m  [1m[34mSELECT "schema_migrations"."version" FROM "schema_migrations" ORDER BY "schema_migrations"."version" ASC[0m
Processing by HomeController#index as HTML
  Rendering home/index.html.erb within layouts/application
  [1m[36mPersonagem Load (0.2ms)[0m  [1m[34mSELECT  "personagens".* FROM "personagens" LIMIT ?[0m  [["LIMIT", 11]]
  Rendered home/index.html.erb within layouts/application (7.7ms)
Completed 200 OK in 244ms (Views: 231.0ms | ActiveRecord: 0.7ms)


Started GET "/" for 127.0.0.1 at 2019-03-24 22:03:13 -0300
  [1m[35m (0.2ms)[0m  [1m[34mSELECT "schema_migrations"."version" FROM "schema_migrations" ORDER BY "schema_migrations"."version" ASC[0m
Processing by HomeController#index as HTML
  Rendering home/index.html.erb within layouts/application
  [1m[36mPersonagem Load (0.3ms)[0m  [1m[34mSELECT  "personagens".* FROM "personagens" LIMIT ?[0m  [["LIMIT", 11]]
  Rendered home/index.html.erb within layouts/application (10.4ms)
Completed 200 OK in 202ms (Views: 187.0ms | ActiveRecord: 0.9ms)


Started GET "/" for 127.0.0.1 at 2019-03-27 12:26:15 -0300
  [1m[35m (0.2ms)[0m  [1m[34mSELECT "schema_migrations"."version" FROM "schema_migrations" ORDER BY "schema_migrations"."version" ASC[0m
Processing by HomeController#index as HTML
  Rendering home/index.html.erb within layouts/application
  [1m[36mPersonagem Load (1.1ms)[0m  [1m[34mSELECT  "personagens".* FROM "personagens" LIMIT ?[0m  [["LIMIT", 11]]
  Rendered home/index.html.erb within layouts/application (23.8ms)
Completed 200 OK in 232ms (Views: 212.9ms | ActiveRecord: 2.3ms)


Started GET "/" for 127.0.0.1 at 2019-03-27 20:25:12 -0300
  [1m[35m (0.2ms)[0m  [1m[34mSELECT "schema_migrations"."version" FROM "schema_migrations" ORDER BY "schema_migrations"."version" ASC[0m
Processing by HomeController#index as HTML
  Rendering home/index.html.erb within layouts/application
  [1m[36mPersonagem Load (0.3ms)[0m  [1m[34mSELECT  "personagens".* FROM "personagens" LIMIT ?[0m  [["LIMIT", 11]]
  Rendered home/index.html.erb within layouts/application (8.9ms)
Completed 200 OK in 210ms (Views: 193.5ms | ActiveRecord: 0.8ms)


Started GET "/" for 127.0.0.1 at 2019-04-02 20:39:04 -0300
  [1m[35m (0.2ms)[0m  [1m[34mSELECT "schema_migrations"."version" FROM "schema_migrations" ORDER BY "schema_migrations"."version" ASC[0m
Processing by HomeController#index as HTML
  Rendering home/index.html.erb within layouts/application
  [1m[36mPersonagem Load (0.2ms)[0m  [1m[34mSELECT  "personagens".* FROM "personagens" LIMIT ?[0m  [["LIMIT", 11]]
  Rendered home/index.html.erb within layouts/application (8.1ms)
Completed 200 OK in 210ms (Views: 194.8ms | ActiveRecord: 0.7ms)


Started GET "/" for 127.0.0.1 at 2019-04-07 07:34:48 -0300
  [1m[35m (0.8ms)[0m  [1m[34mSELECT "schema_migrations"."version" FROM "schema_migrations" ORDER BY "schema_migrations"."version" ASC[0m
Processing by HomeController#index as HTML
  Rendering home/index.html.erb within layouts/application
  [1m[36mPersonagem Load (0.3ms)[0m  [1m[34mSELECT  "personagens".* FROM "personagens" LIMIT ?[0m  [["LIMIT", 11]]
  Rendered home/index.html.erb within layouts/application (10.4ms)
Completed 200 OK in 204ms (Views: 191.3ms | ActiveRecord: 0.8ms)


Started GET "/" for 127.0.0.1 at 2019-04-07 07:45:20 -0300
Processing by HomeController#index as HTML
  Rendering home/index.html.erb within layouts/application
  [1m[36mPoder Load (0.1ms)[0m  [1m[34mSELECT  "poderes".* FROM "poderes" LIMIT ?[0m  [["LIMIT", 11]]
  Rendered home/index.html.erb within layouts/application (5.7ms)
Completed 200 OK in 24ms (Views: 17.5ms | ActiveRecord: 0.8ms)


Started GET "/" for 127.0.0.1 at 2019-04-07 08:02:27 -0300
Processing by HomeController#index as HTML
  Rendering home/index.html.erb within layouts/application
  [1m[36mPersonagem Load (0.2ms)[0m  [1m[34mSELECT  "personagens".* FROM "personagens" LIMIT ?[0m  [["LIMIT", 11]]
  Rendered home/index.html.erb within layouts/application (11.9ms)
Completed 200 OK in 39ms (Views: 31.3ms | ActiveRecord: 1.3ms)


Started GET "/" for 127.0.0.1 at 2019-04-07 08:03:48 -0300
Processing by HomeController#index as HTML
  Rendering home/index.html.erb within layouts/application
  [1m[36mPersonagem Load (0.3ms)[0m  [1m[34mSELECT  "personagens".* FROM "personagens" ORDER BY forca LIMIT ?[0m  [["LIMIT", 11]]
  Rendered home/index.html.erb within layouts/application (39.0ms)
Completed 200 OK in 56ms (Views: 52.1ms | ActiveRecord: 1.6ms)


Started GET "/" for 127.0.0.1 at 2019-04-07 08:05:53 -0300
Processing by HomeController#index as HTML
  Rendering home/index.html.erb within layouts/application
  [1m[36mPersonagem Load (0.3ms)[0m  [1m[34mSELECT  "personagens".* FROM "personagens" LIMIT ?[0m  [["LIMIT", 11]]
  Rendered home/index.html.erb within layouts/application (13.3ms)
Completed 200 OK in 33ms (Views: 27.7ms | ActiveRecord: 1.6ms)


Started GET "/" for 127.0.0.1 at 2019-04-07 08:15:32 -0300
Processing by HomeController#index as HTML
  Rendering home/index.html.erb within layouts/application
  [1m[36mPersonagem Load (0.1ms)[0m  [1m[34mSELECT  "personagens".* FROM "personagens" ORDER BY agilidade LIMIT ?[0m  [["LIMIT", 3]]
  Rendered home/index.html.erb within layouts/application (10.1ms)
Completed 200 OK in 23ms (Views: 20.4ms | ActiveRecord: 0.8ms)


Started GET "/" for 127.0.0.1 at 2019-04-07 08:16:30 -0300
Processing by HomeController#index as HTML
Completed 500 Internal Server Error in 18ms


  
NoMethodError (undefined method `reverse_order' for #<Class:0x00007f23a8b74990>):
  
app/controllers/home_controller.rb:3:in `index'
Started GET "/" for 127.0.0.1 at 2019-04-07 08:24:41 -0300
Processing by HomeController#index as HTML
  Rendering home/index.html.erb within layouts/application
  [1m[36mPersonagem Load (0.7ms)[0m  [1m[34mSELECT  "personagens".* FROM "personagens" WHERE (agilidade) ORDER BY created_at DESC LIMIT ?[0m  [["LIMIT", 3]]
  Rendered home/index.html.erb within layouts/application (4.2ms)
Completed 500 Internal Server Error in 12ms (ActiveRecord: 1.0ms)


  
ActionView::Template::Error (SQLite3::SQLException: no such column: created_at: SELECT  "personagens".* FROM "personagens" WHERE (agilidade) ORDER BY created_at DESC LIMIT ?):
    1: <h3> Exercício APS </h3>
    2: <i> Resultado da Consulta: </i>
    3: <fieldset>
    4:   <%= @consulta.inspect %>
    5: </fieldset>
  
app/views/home/index.html.erb:4:in `_app_views_home_index_html_erb__3847060335133269556_69895392499960'
Started GET "/" for 127.0.0.1 at 2019-04-07 08:25:13 -0300
Processing by HomeController#index as HTML
  Rendering home/index.html.erb within layouts/application
  [1m[36mPersonagem Load (0.2ms)[0m  [1m[34mSELECT  "personagens".* FROM "personagens" LIMIT ?[0m  [["LIMIT", 11]]
  Rendered home/index.html.erb within layouts/application (7.0ms)
Completed 200 OK in 22ms (Views: 18.9ms | ActiveRecord: 0.9ms)


Started GET "/" for 127.0.0.1 at 2019-04-08 22:51:58 -0300
  [1m[35m (0.1ms)[0m  [1m[34mSELECT "schema_migrations"."version" FROM "schema_migrations" ORDER BY "schema_migrations"."version" ASC[0m
Processing by HomeController#index as HTML
  Rendering home/index.html.erb within layouts/application
  [1m[36mPersonagem Load (0.3ms)[0m  [1m[34mSELECT  "personagens".* FROM "personagens" ORDER BY "personagens"."forca" DESC LIMIT ?[0m  [["LIMIT", 11]]
  Rendered home/index.html.erb within layouts/application (12.3ms)
Completed 200 OK in 187ms (Views: 172.5ms | ActiveRecord: 1.3ms)


Started GET "/" for 127.0.0.1 at 2019-04-08 22:58:20 -0300
Processing by HomeController#index as HTML
  Rendering home/index.html.erb within layouts/application
  [1m[36mPersonagem Load (0.2ms)[0m  [1m[34mSELECT  "personagens".* FROM "personagens" ORDER BY "personagens"."agilidade" DESC LIMIT ?[0m  [["LIMIT", 3]]
  Rendered home/index.html.erb within layouts/application (9.7ms)
Completed 200 OK in 24ms (Views: 18.4ms | ActiveRecord: 0.9ms)


Started GET "/" for 127.0.0.1 at 2019-04-10 09:30:34 -0300
  [1m[35m (0.1ms)[0m  [1m[34mSELECT "schema_migrations"."version" FROM "schema_migrations" ORDER BY "schema_migrations"."version" ASC[0m
Processing by HomeController#index as HTML
  Rendering home/index.html.erb within layouts/application
  [1m[36mPersonagem Load (0.3ms)[0m  [1m[34mSELECT  "personagens".* FROM "personagens" ORDER BY "personagens"."agilidade" DESC LIMIT ?[0m  [["LIMIT", 3]]
  Rendered home/index.html.erb within layouts/application (7.9ms)
Completed 200 OK in 218ms (Views: 206.2ms | ActiveRecord: 0.7ms)


Started GET "/" for 127.0.0.1 at 2019-04-10 09:35:48 -0300
Processing by HomeController#index as HTML
Completed 500 Internal Server Error in 8ms


  
NoMethodError (undefined method `Poder' for #<Class:0x00007f4c340769d0>
Did you mean?  order):
  
app/controllers/home_controller.rb:3:in `index'
Started GET "/" for 127.0.0.1 at 2019-04-10 09:37:20 -0300
Processing by HomeController#index as HTML
  [1m[36mPersonagem Load (0.2ms)[0m  [1m[34mSELECT  "personagens".* FROM "personagens" WHERE "personagens"."id" = ? LIMIT ?[0m  [["id", 1], ["LIMIT", 1]]
  Rendering home/index.html.erb within layouts/application
  Rendered home/index.html.erb within layouts/application (0.4ms)
Completed 200 OK in 25ms (Views: 10.3ms | ActiveRecord: 1.4ms)


Started GET "/" for 127.0.0.1 at 2019-04-10 09:39:47 -0300
Processing by HomeController#index as HTML
  Rendering home/index.html.erb within layouts/application
  [1m[36mPersonagem Load (0.1ms)[0m  [1m[34mSELECT  "personagens".* FROM "personagens" LIMIT ?[0m  [["LIMIT", 11]]
  Rendered home/index.html.erb within layouts/application (10.9ms)
Completed 200 OK in 23ms (Views: 19.6ms | ActiveRecord: 1.1ms)


Started GET "/" for 127.0.0.1 at 2019-04-10 09:46:42 -0300
Processing by HomeController#index as HTML
  Rendering home/index.html.erb within layouts/application
  [1m[36mPoder Load (0.2ms)[0m  [1m[34mSELECT  "poderes".* FROM "poderes" LIMIT ?[0m  [["LIMIT", 11]]
  Rendered home/index.html.erb within layouts/application (7.7ms)
Completed 200 OK in 24ms (Views: 16.6ms | ActiveRecord: 0.9ms)


Started GET "/" for 127.0.0.1 at 2019-04-10 09:48:46 -0300
Processing by HomeController#index as HTML
  Rendering home/index.html.erb within layouts/application
  [1m[36mPersonagem Load (0.2ms)[0m  [1m[34mSELECT  "personagens".* FROM "personagens" ORDER BY "personagens"."forca" DESC LIMIT ?[0m  [["LIMIT", 11]]
  Rendered home/index.html.erb within layouts/application (6.8ms)
Completed 200 OK in 21ms (Views: 16.8ms | ActiveRecord: 0.9ms)


Started GET "/" for 127.0.0.1 at 2019-04-10 09:50:41 -0300
Processing by HomeController#index as HTML
  Rendering home/index.html.erb within layouts/application
  [1m[36mPersonagem Load (0.8ms)[0m  [1m[34mSELECT  "personagens".* FROM "personagens" ORDER BY "personagens"."forca" DESC LIMIT ?[0m  [["LIMIT", 11]]
  Rendered home/index.html.erb within layouts/application (4.1ms)
Completed 200 OK in 20ms (Views: 17.9ms | ActiveRecord: 0.8ms)


Started GET "/" for 127.0.0.1 at 2019-04-10 09:50:46 -0300
Processing by HomeController#index as HTML
  Rendering home/index.html.erb within layouts/application
  [1m[36mPersonagem Load (0.4ms)[0m  [1m[34mSELECT  "personagens".* FROM "personagens" ORDER BY "personagens"."forca" DESC LIMIT ?[0m  [["LIMIT", 11]]
  Rendered home/index.html.erb within layouts/application (2.6ms)
Completed 200 OK in 15ms (Views: 13.5ms | ActiveRecord: 0.4ms)


Started GET "/" for 127.0.0.1 at 2019-04-10 09:55:41 -0300
Processing by HomeController#index as HTML
Completed 500 Internal Server Error in 6ms


  
NoMethodError (undefined method `size' for Poder (call 'Poder.connection' to establish a connection):Class):
  
app/controllers/home_controller.rb:3:in `index'
Started GET "/" for 127.0.0.1 at 2019-04-10 09:56:00 -0300
Processing by HomeController#index as HTML
  [1m[35m (0.1ms)[0m  [1m[34mSELECT COUNT(*) FROM "poderes"[0m
  Rendering home/index.html.erb within layouts/application
  Rendered home/index.html.erb within layouts/application (0.4ms)
Completed 200 OK in 16ms (Views: 11.0ms | ActiveRecord: 0.5ms)


Started GET "/" for 127.0.0.1 at 2019-04-10 09:57:44 -0300
Processing by HomeController#index as HTML
  [1m[36mPersonagem Load (0.3ms)[0m  [1m[34mSELECT  "personagens".* FROM "personagens" ORDER BY "personagens"."id" ASC LIMIT ?[0m  [["LIMIT", 1]]
  Rendering home/index.html.erb within layouts/application
  Rendered home/index.html.erb within layouts/application (0.4ms)
Completed 200 OK in 23ms (Views: 11.1ms | ActiveRecord: 1.1ms)


Started GET "/" for 127.0.0.1 at 2019-04-10 09:58:25 -0300
Processing by HomeController#index as HTML
  [1m[36mPoder Load (0.1ms)[0m  [1m[34mSELECT  "poderes".* FROM "poderes" ORDER BY "poderes"."id" DESC LIMIT ?[0m  [["LIMIT", 1]]
  Rendering home/index.html.erb within layouts/application
  Rendered home/index.html.erb within layouts/application (0.6ms)
Completed 200 OK in 21ms (Views: 14.2ms | ActiveRecord: 0.7ms)


Started GET "/" for 127.0.0.1 at 2019-04-10 10:00:23 -0300
Processing by HomeController#index as HTML
  Rendering home/index.html.erb within layouts/application
  [1m[36mPoder Load (0.2ms)[0m  [1m[34mSELECT  "poderes".* FROM "poderes" WHERE "poderes"."tipo" = ? LIMIT ?[0m  [["tipo", "Mental"], ["LIMIT", 11]]
  Rendered home/index.html.erb within layouts/application (8.3ms)
Completed 200 OK in 21ms (Views: 16.6ms | ActiveRecord: 1.1ms)


Started GET "/" for 127.0.0.1 at 2019-04-10 10:02:08 -0300
Processing by HomeController#index as HTML
  Rendering home/index.html.erb within layouts/application
  [1m[36mPoder Load (0.2ms)[0m  [1m[34mSELECT  "poderes".* FROM "poderes" WHERE "poderes"."tipo" = ? LIMIT ?[0m  [["tipo", "Físico"], ["LIMIT", 11]]
  Rendered home/index.html.erb within layouts/application (4.3ms)
Completed 200 OK in 21ms (Views: 14.3ms | ActiveRecord: 0.9ms)


Started GET "/" for 127.0.0.1 at 2019-04-10 10:07:04 -0300
Processing by HomeController#index as HTML
  Rendering home/index.html.erb within layouts/application
  [1m[36mPersonagem Load (0.2ms)[0m  [1m[34mSELECT  "personagens".* FROM "personagens" WHERE "personagens"."destreza" = ? ORDER BY "personagens"."nome" ASC LIMIT ?[0m  [["destreza", 9], ["LIMIT", 11]]
  Rendered home/index.html.erb within layouts/application (7.9ms)
Completed 200 OK in 22ms (Views: 15.9ms | ActiveRecord: 1.2ms)


Started GET "/" for 127.0.0.1 at 2019-04-10 10:08:04 -0300
Processing by HomeController#index as HTML
  Rendering home/index.html.erb within layouts/application
  [1m[36mPersonagem Load (0.2ms)[0m  [1m[34mSELECT  "personagens".* FROM "personagens" WHERE "personagens"."destreza" = ? ORDER BY "personagens"."nome" ASC LIMIT ?[0m  [["destreza", 9], ["LIMIT", 2]]
  Rendered home/index.html.erb within layouts/application (5.5ms)
Completed 200 OK in 24ms (Views: 16.7ms | ActiveRecord: 1.0ms)


Started GET "/" for 127.0.0.1 at 2019-04-10 10:08:46 -0300
Processing by HomeController#index as HTML
  Rendering home/index.html.erb within layouts/application
  [1m[36mPersonagem Load (0.2ms)[0m  [1m[34mSELECT  "personagens".* FROM "personagens" WHERE "personagens"."destreza" = ? ORDER BY "personagens"."nome" ASC LIMIT ?[0m  [["destreza", 9], ["LIMIT", 11]]
  Rendered home/index.html.erb within layouts/application (6.1ms)
Completed 200 OK in 25ms (Views: 17.5ms | ActiveRecord: 0.9ms)


Started GET "/" for 127.0.0.1 at 2019-04-10 10:09:40 -0300
Processing by HomeController#index as HTML
  Rendering home/index.html.erb within layouts/application
  [1m[36mPersonagem Load (0.2ms)[0m  [1m[34mSELECT  "personagens".* FROM "personagens" WHERE "personagens"."destreza" = ? ORDER BY "personagens"."nome" ASC LIMIT ?[0m  [["destreza", 9], ["LIMIT", 11]]
  Rendered home/index.html.erb within layouts/application (8.9ms)
Completed 200 OK in 22ms (Views: 16.7ms | ActiveRecord: 1.1ms)


Started GET "/" for 127.0.0.1 at 2019-04-10 10:09:46 -0300
Processing by HomeController#index as HTML
  Rendering home/index.html.erb within layouts/application
  [1m[36mPersonagem Load (0.4ms)[0m  [1m[34mSELECT  "personagens".* FROM "personagens" WHERE "personagens"."destreza" = ? ORDER BY "personagens"."nome" ASC LIMIT ?[0m  [["destreza", 9], ["LIMIT", 11]]
  Rendered home/index.html.erb within layouts/application (2.8ms)
Completed 200 OK in 18ms (Views: 15.8ms | ActiveRecord: 0.4ms)


Started GET "/" for 127.0.0.1 at 2019-04-10 10:13:31 -0300
Processing by HomeController#index as HTML
  Rendering home/index.html.erb within layouts/application
  [1m[36mPersonagem Load (0.2ms)[0m  [1m[34mSELECT  "personagens".* FROM "personagens" WHERE "personagens"."destreza" = ? ORDER BY "personagens"."nome" ASC LIMIT ?[0m  [["destreza", 9], ["LIMIT", 11]]
  Rendered home/index.html.erb within layouts/application (5.9ms)
Completed 200 OK in 22ms (Views: 16.7ms | ActiveRecord: 1.0ms)


Started GET "/" for 127.0.0.1 at 2019-04-10 10:13:34 -0300
Processing by HomeController#index as HTML
  Rendering home/index.html.erb within layouts/application
  [1m[36mPersonagem Load (0.3ms)[0m  [1m[34mSELECT  "personagens".* FROM "personagens" WHERE "personagens"."destreza" = ? ORDER BY "personagens"."nome" ASC LIMIT ?[0m  [["destreza", 9], ["LIMIT", 11]]
  Rendered home/index.html.erb within layouts/application (2.2ms)
Completed 200 OK in 21ms (Views: 17.7ms | ActiveRecord: 0.3ms)


Started GET "/" for 127.0.0.1 at 2019-04-10 10:13:54 -0300
Processing by HomeController#index as HTML
Completed 500 Internal Server Error in 142ms


  
NameError (undefined local variable or method `nome' for #<HomeController:0x00007f4c300b8ff0>):
  
app/controllers/home_controller.rb:3:in `index'
Started GET "/" for 127.0.0.1 at 2019-04-10 10:14:30 -0300
  
SyntaxError (/workspace/ruby/aps1_2019-1/aps/app/controllers/home_controller.rb:3: syntax error, unexpected tIDENTIFIER, expecting tCONSTANT
... = Personagem.order(nome :: asc).where(destreza:"9")
...                            ^~~):
  
app/controllers/home_controller.rb:3: syntax error, unexpected tIDENTIFIER, expecting tCONSTANT
Started GET "/" for 127.0.0.1 at 2019-04-10 10:15:08 -0300
Processing by HomeController#index as HTML
  Rendering home/index.html.erb within layouts/application
  [1m[36mPersonagem Load (0.6ms)[0m  [1m[34mSELECT  "personagens".* FROM "personagens" WHERE "personagens"."destreza" = ? LIMIT ?[0m  [["destreza", 9], ["LIMIT", 11]]
  Rendered home/index.html.erb within layouts/application (9.3ms)
Completed 200 OK in 27ms (Views: 19.6ms | ActiveRecord: 1.4ms)


Started GET "/" for 127.0.0.1 at 2019-04-10 10:15:44 -0300
Processing by HomeController#index as HTML
  Rendering home/index.html.erb within layouts/application
  [1m[36mPersonagem Load (0.2ms)[0m  [1m[34mSELECT  "personagens".* FROM "personagens" WHERE "personagens"."destreza" = ? ORDER BY "personagens"."nome" ASC LIMIT ?[0m  [["destreza", 9], ["LIMIT", 11]]
  Rendered home/index.html.erb within layouts/application (6.5ms)
Completed 200 OK in 41ms (Views: 32.8ms | ActiveRecord: 0.9ms)


Started GET "/" for 127.0.0.1 at 2019-04-10 10:18:40 -0300
Processing by HomeController#index as HTML
  Rendering home/index.html.erb within layouts/application
  [1m[36mPersonagem Load (0.6ms)[0m  [1m[34mSELECT  "personagens".* FROM "personagens" WHERE "personagens"."destreza" = ? ORDER BY "personagens"."name" ASC LIMIT ?[0m  [["destreza", 9], ["LIMIT", 11]]
  Rendered home/index.html.erb within layouts/application (2.9ms)
Completed 500 Internal Server Error in 9ms (ActiveRecord: 1.0ms)


  
ActionView::Template::Error (SQLite3::SQLException: no such column: personagens.name: SELECT  "personagens".* FROM "personagens" WHERE "personagens"."destreza" = ? ORDER BY "personagens"."name" ASC LIMIT ?):
    1: <h3> Exercício APS </h3>
    2: <i> Resultado da Consulta: </i>
    3: <fieldset>
    4:   <%= @consulta.inspect %>
    5: </fieldset>
  
app/views/home/index.html.erb:4:in `_app_views_home_index_html_erb___3222043956929933802_69982600963260'
Started GET "/" for 127.0.0.1 at 2019-04-10 10:19:07 -0300
Processing by HomeController#index as HTML
  Rendering home/index.html.erb within layouts/application
  [1m[36mPersonagem Load (0.3ms)[0m  [1m[34mSELECT  "personagens".* FROM "personagens" WHERE "personagens"."destreza" = ? ORDER BY "personagens"."nome" ASC LIMIT ?[0m  [["destreza", 9], ["LIMIT", 11]]
  Rendered home/index.html.erb within layouts/application (9.6ms)
Completed 200 OK in 27ms (Views: 20.2ms | ActiveRecord: 2.2ms)


Started GET "/" for 127.0.0.1 at 2019-04-10 10:19:48 -0300
Processing by HomeController#index as HTML
  Rendering home/index.html.erb within layouts/application
  [1m[36mPersonagem Load (0.2ms)[0m  [1m[34mSELECT  "personagens".* FROM "personagens" WHERE "personagens"."destreza" = ? ORDER BY "personagens"."nome" ASC LIMIT ?[0m  [["destreza", 9], ["LIMIT", 2]]
  Rendered home/index.html.erb within layouts/application (10.3ms)
Completed 200 OK in 26ms (Views: 20.5ms | ActiveRecord: 1.3ms)


Started GET "/" for 127.0.0.1 at 2019-04-10 10:20:03 -0300
Processing by HomeController#index as HTML
  Rendering home/index.html.erb within layouts/application
  [1m[36mPersonagem Load (0.2ms)[0m  [1m[34mSELECT  "personagens".* FROM "personagens" WHERE "personagens"."destreza" = ? ORDER BY "personagens"."nome" ASC LIMIT ?[0m  [["destreza", 9], ["LIMIT", 3]]
  Rendered home/index.html.erb within layouts/application (8.1ms)
Completed 200 OK in 39ms (Views: 32.5ms | ActiveRecord: 1.1ms)


Started GET "/" for 127.0.0.1 at 2019-04-10 10:21:52 -0300
Processing by HomeController#index as HTML
  Rendering home/index.html.erb within layouts/application
  [1m[36mPersonagem Load (0.2ms)[0m  [1m[34mSELECT  "personagens".* FROM "personagens" WHERE "personagens"."destreza" = ? AND "personagens"."resistencia" = ? LIMIT ?[0m  [["destreza", 9], ["resistencia", 2], ["LIMIT", 11]]
  Rendered home/index.html.erb within layouts/application (1.9ms)
Completed 200 OK in 20ms (Views: 14.5ms | ActiveRecord: 0.7ms)


Started GET "/" for 127.0.0.1 at 2019-04-10 10:22:16 -0300
Processing by HomeController#index as HTML
  Rendering home/index.html.erb within layouts/application
  [1m[36mPersonagem Load (0.2ms)[0m  [1m[34mSELECT  "personagens".* FROM "personagens" WHERE "personagens"."destreza" = ? LIMIT ?[0m  [["destreza", 9], ["LIMIT", 11]]
  Rendered home/index.html.erb within layouts/application (5.5ms)
Completed 200 OK in 24ms (Views: 15.7ms | ActiveRecord: 1.0ms)


Started GET "/" for 127.0.0.1 at 2019-04-10 10:23:21 -0300
Processing by HomeController#index as HTML
  Rendering home/index.html.erb within layouts/application
  [1m[36mPersonagem Load (0.2ms)[0m  [1m[34mSELECT  "personagens".* FROM "personagens" WHERE "personagens"."destreza" = ? AND "personagens"."resistencia" = ? LIMIT ?[0m  [["destreza", 9], ["resistencia", 5], ["LIMIT", 11]]
  Rendered home/index.html.erb within layouts/application (6.1ms)
Completed 200 OK in 26ms (Views: 18.8ms | ActiveRecord: 1.1ms)


Started GET "/" for 127.0.0.1 at 2019-04-10 10:23:36 -0300
Processing by HomeController#index as HTML
  Rendering home/index.html.erb within layouts/application
  [1m[36mPersonagem Load (0.2ms)[0m  [1m[34mSELECT  "personagens".* FROM "personagens" WHERE "personagens"."destreza" = ? AND "personagens"."resistencia" = ? LIMIT ?[0m  [["destreza", 9], ["resistencia", 1], ["LIMIT", 11]]
  Rendered home/index.html.erb within layouts/application (5.8ms)
Completed 200 OK in 24ms (Views: 16.1ms | ActiveRecord: 0.9ms)


Started GET "/" for 127.0.0.1 at 2019-04-10 10:23:50 -0300
Processing by HomeController#index as HTML
  Rendering home/index.html.erb within layouts/application
  [1m[36mPersonagem Load (0.2ms)[0m  [1m[34mSELECT  "personagens".* FROM "personagens" WHERE "personagens"."destreza" = ? AND "personagens"."resistencia" = ? LIMIT ?[0m  [["destreza", 9], ["resistencia", 9], ["LIMIT", 11]]
  Rendered home/index.html.erb within layouts/application (5.2ms)
Completed 200 OK in 21ms (Views: 15.5ms | ActiveRecord: 1.1ms)


Started GET "/" for 127.0.0.1 at 2019-04-10 10:24:01 -0300
Processing by HomeController#index as HTML
  Rendering home/index.html.erb within layouts/application
  [1m[36mPersonagem Load (0.2ms)[0m  [1m[34mSELECT  "personagens".* FROM "personagens" WHERE "personagens"."destreza" = ? AND "personagens"."resistencia" = ? LIMIT ?[0m  [["destreza", 9], ["resistencia", 4], ["LIMIT", 11]]
  Rendered home/index.html.erb within layouts/application (1.1ms)
Completed 200 OK in 18ms (Views: 12.9ms | ActiveRecord: 0.6ms)


Started GET "/" for 127.0.0.1 at 2019-04-10 10:24:44 -0300
Processing by HomeController#index as HTML
  [1m[35m (0.1ms)[0m  [1m[34mSELECT COUNT(*) FROM "personagens" WHERE "personagens"."destreza" = ? AND "personagens"."resistencia" = ?[0m  [["destreza", 9], ["resistencia", 9]]
  Rendering home/index.html.erb within layouts/application
  Rendered home/index.html.erb within layouts/application (0.3ms)
Completed 200 OK in 17ms (Views: 10.7ms | ActiveRecord: 0.9ms)


Started GET "/" for 127.0.0.1 at 2019-04-10 10:25:00 -0300
Processing by HomeController#index as HTML
  [1m[35m (0.1ms)[0m  [1m[34mSELECT COUNT(*) FROM "personagens" WHERE "personagens"."destreza" = ? AND "personagens"."resistencia" = ?[0m  [["destreza", 9], ["resistencia", 5]]
  Rendering home/index.html.erb within layouts/application
  Rendered home/index.html.erb within layouts/application (0.4ms)
Completed 200 OK in 16ms (Views: 10.4ms | ActiveRecord: 0.6ms)


Started GET "/" for 127.0.0.1 at 2019-04-10 10:25:04 -0300
Processing by HomeController#index as HTML
  [1m[35m (0.4ms)[0m  [1m[34mSELECT COUNT(*) FROM "personagens" WHERE "personagens"."destreza" = ? AND "personagens"."resistencia" = ?[0m  [["destreza", 9], ["resistencia", 5]]
  Rendering home/index.html.erb within layouts/application
  Rendered home/index.html.erb within layouts/application (0.5ms)
Completed 200 OK in 16ms (Views: 12.4ms | ActiveRecord: 0.4ms)


Started GET "/" for 127.0.0.1 at 2019-04-10 10:25:13 -0300
Processing by HomeController#index as HTML
  [1m[35m (0.2ms)[0m  [1m[34mSELECT COUNT(*) FROM "personagens" WHERE "personagens"."destreza" = ? AND "personagens"."resistencia" = ?[0m  [["destreza", 9], ["resistencia", 2]]
  Rendering home/index.html.erb within layouts/application
  Rendered home/index.html.erb within layouts/application (0.4ms)
Completed 200 OK in 19ms (Views: 8.6ms | ActiveRecord: 0.7ms)


Started GET "/" for 127.0.0.1 at 2019-04-10 14:55:33 -0300
  [1m[35m (0.2ms)[0m  [1m[34mSELECT "schema_migrations"."version" FROM "schema_migrations" ORDER BY "schema_migrations"."version" ASC[0m
Processing by HomeController#index as HTML
  [1m[35m (0.1ms)[0m  [1m[34mSELECT COUNT(*) FROM "personagens" WHERE "personagens"."destreza" = ? AND "personagens"."resistencia" = ?[0m  [["destreza", 9], ["resistencia", 2]]
  Rendering home/index.html.erb within layouts/application
  Rendered home/index.html.erb within layouts/application (0.7ms)
Completed 200 OK in 175ms (Views: 163.4ms | ActiveRecord: 0.4ms)


Started GET "/" for 127.0.0.1 at 2019-04-10 14:56:58 -0300
Processing by HomeController#index as HTML
  [1m[35m (0.1ms)[0m  [1m[34mSELECT COUNT(*) FROM "poderes"[0m
  Rendering home/index.html.erb within layouts/application
  Rendered home/index.html.erb within layouts/application (0.3ms)
Completed 200 OK in 20ms (Views: 10.8ms | ActiveRecord: 0.5ms)


Started GET "/" for 127.0.0.1 at 2019-04-10 14:57:23 -0300
Processing by HomeController#index as HTML
  [1m[35m (0.1ms)[0m  [1m[34mSELECT COUNT(*) FROM "poderes"[0m
  Rendering home/index.html.erb within layouts/application
  Rendered home/index.html.erb within layouts/application (0.3ms)
Completed 200 OK in 16ms (Views: 11.7ms | ActiveRecord: 0.5ms)


Started GET "/" for 127.0.0.1 at 2019-04-10 14:57:36 -0300
Processing by HomeController#index as HTML
  [1m[35m (0.1ms)[0m  [1m[34mSELECT COUNT(*) FROM "poderes"[0m
  Rendering home/index.html.erb within layouts/application
  Rendered home/index.html.erb within layouts/application (0.4ms)
Completed 200 OK in 22ms (Views: 12.5ms | ActiveRecord: 0.9ms)


Started GET "/" for 127.0.0.1 at 2019-04-10 14:58:19 -0300
Processing by HomeController#index as HTML
  Rendering home/index.html.erb within layouts/application
  [1m[36mPoder Load (0.2ms)[0m  [1m[34mSELECT  "poderes".* FROM "poderes" LIMIT ?[0m  [["LIMIT", 11]]
  Rendered home/index.html.erb within layouts/application (8.9ms)
Completed 200 OK in 23ms (Views: 20.4ms | ActiveRecord: 1.0ms)


Started GET "/" for 127.0.0.1 at 2019-04-10 14:58:40 -0300
Processing by HomeController#index as HTML
  [1m[35m (0.1ms)[0m  [1m[34mSELECT COUNT(*) FROM "poderes"[0m
  Rendering home/index.html.erb within layouts/application
  Rendered home/index.html.erb within layouts/application (1.5ms)
Completed 200 OK in 19ms (Views: 12.4ms | ActiveRecord: 0.5ms)


Started GET "/" for 127.0.0.1 at 2019-04-10 14:58:51 -0300
Processing by HomeController#index as HTML
  [1m[35m (0.1ms)[0m  [1m[34mSELECT COUNT(*) FROM "poderes"[0m
  Rendering home/index.html.erb within layouts/application
  Rendered home/index.html.erb within layouts/application (0.3ms)
Completed 200 OK in 17ms (Views: 12.0ms | ActiveRecord: 0.8ms)


Started GET "/" for 127.0.0.1 at 2019-05-09 21:27:54 -0300
  [1m[35m (0.2ms)[0m  [1m[34mSELECT "schema_migrations"."version" FROM "schema_migrations" ORDER BY "schema_migrations"."version" ASC[0m
Processing by HomeController#index as HTML
  [1m[35m (0.1ms)[0m  [1m[34mSELECT COUNT(*) FROM "poderes"[0m
  Rendering home/index.html.erb within layouts/application
  Rendered home/index.html.erb within layouts/application (1.5ms)
Completed 200 OK in 196ms (Views: 179.0ms | ActiveRecord: 0.4ms)


